<?xml version="1.0" encoding="UTF-8"?>
<!-- Generated by org.testng.reporters.JUnitReportReporter -->
<testsuite hostname="DESKTOP-V6QH7CG" failures="0" tests="1" name="Japanika.JapanikaRun" time="12.808" errors="0" timestamp="2021-09-21T12:10:59 IDT" skipped="0">
  <testcase classname="Japanika.JapanikaRun" name="test1" time="12.808"/>
  <system-out/>
</testsuite> <!-- Japanika.JapanikaRun -->
