<?xml version="1.0" encoding="UTF-8"?>
<!-- Generated by org.testng.reporters.JUnitReportReporter -->
<testsuite hostname="DESKTOP-V6QH7CG" failures="0" tests="1" name="Tests.ChatOnLine" time="11.012" errors="0" timestamp="2021-10-02T20:02:05 IDT" skipped="0">
  <testcase classname="Tests.ChatOnLine" name="ChatOnLineTest" time="11.012"/>
  <system-out/>
</testsuite> <!-- Tests.ChatOnLine -->
