<?xml version="1.0" encoding="UTF-8"?>
<!-- Generated by org.testng.reporters.JUnitReportReporter -->
<testsuite hostname="DESKTOP-V6QH7CG" failures="0" tests="1" name="Tests.ChatOnLine" time="3.036" errors="0" timestamp="2021-09-21T14:47:46 IDT" skipped="0">
  <testcase classname="Tests.ChatOnLine" name="ChatOnLineTest" time="3.036"/>
  <system-out/>
</testsuite> <!-- Tests.ChatOnLine -->
