<?xml version="1.0" encoding="UTF-8"?>
<!-- Generated by org.testng.reporters.JUnitReportReporter -->
<testsuite hostname="DESKTOP-V6QH7CG" failures="0" tests="1" name="Tests.HomeDelivery" time="0.525" errors="0" timestamp="2021-09-28T13:56:48 IDT" skipped="0">
  <testcase classname="Tests.HomeDelivery" name="CityNotValidTest" time="0.525"/>
  <system-out/>
</testsuite> <!-- Tests.HomeDelivery -->
