<?xml version="1.0" encoding="UTF-8"?>
<!-- Generated by org.testng.reporters.JUnitReportReporter -->
<testsuite hostname="DESKTOP-V6QH7CG" failures="0" tests="1" name="Japanika.JapanikaRun" time="0.011" errors="0" timestamp="2021-09-07T11:45:47 IDT" skipped="0">
  <testcase classname="Japanika.JapanikaRun" name="f" time="0.011"/>
  <system-out/>
</testsuite> <!-- Japanika.JapanikaRun -->
