<?xml version="1.0" encoding="UTF-8"?>
<!-- Generated by org.testng.reporters.JUnitReportReporter -->
<testsuite hostname="DESKTOP-V6QH7CG" failures="0" tests="5" name="Tests.HomeDelivery" time="23.656" errors="0" timestamp="2021-10-10T23:05:21 IDT" skipped="1">
  <testcase classname="Tests.HomeDelivery" name="CityValidTest" time="12.506"/>
  <system-out/>
  <testcase classname="Tests.HomeDelivery" name="AddMeal_1Test" time="3.883"/>
  <system-out/>
  <testcase classname="Tests.HomeDelivery" name="AddMeal_2Test" time="3.707"/>
  <system-out/>
  <testcase classname="Tests.HomeDelivery" name="ChangeMealDetailTest" time="3.560"/>
  <system-out/>
  <testcase classname="Tests.HomeDelivery" name="CityNotValidTest">
    <skipped/>
  </testcase> <!-- CityNotValidTest -->
  <system-out/>
</testsuite> <!-- Tests.HomeDelivery -->
