<?xml version="1.0" encoding="UTF-8"?>
<!-- Generated by org.testng.reporters.JUnitReportReporter -->
<testsuite hostname="DESKTOP-V6QH7CG" failures="0" tests="1" name="Tests.ChatOnLine" time="1.416" errors="0" timestamp="2021-09-28T13:23:17 IDT" skipped="0">
  <testcase classname="Tests.ChatOnLine" name="ChatOnLineTest" time="1.416"/>
  <system-out/>
</testsuite> <!-- Tests.ChatOnLine -->
