<?xml version="1.0" encoding="UTF-8"?>
<!-- Generated by org.testng.reporters.JUnitReportReporter -->
<testsuite hostname="DESKTOP-V6QH7CG" failures="0" tests="3" name="Tests.HomeDelivery" time="14.501" errors="0" timestamp="2021-10-02T22:02:38 IDT" skipped="1">
  <testcase classname="Tests.HomeDelivery" name="AddMeal_1" time="2.097"/>
  <system-out/>
  <testcase classname="Tests.HomeDelivery" name="CityValidTest" time="12.404"/>
  <system-out/>
  <testcase classname="Tests.HomeDelivery" name="CityNotValidTest">
    <skipped/>
  </testcase> <!-- CityNotValidTest -->
  <system-out/>
</testsuite> <!-- Tests.HomeDelivery -->
