<?xml version="1.0" encoding="UTF-8"?>
<!-- Generated by org.testng.reporters.JUnitReportReporter -->
<testsuite hostname="DESKTOP-V6QH7CG" failures="0" tests="2" name="Tests.HomeDelivery" time="11.133" errors="0" timestamp="2021-09-30T20:41:34 IDT" skipped="1">
  <testcase classname="Tests.HomeDelivery" name="CityValidTest" time="11.133"/>
  <system-out/>
  <testcase classname="Tests.HomeDelivery" name="CityNotValidTest">
    <skipped/>
  </testcase> <!-- CityNotValidTest -->
  <system-out/>
</testsuite> <!-- Tests.HomeDelivery -->
