<?xml version="1.0" encoding="UTF-8"?>
<!-- Generated by org.testng.reporters.JUnitReportReporter -->
<testsuite hostname="DESKTOP-V6QH7CG" failures="0" tests="1" name="Japanika.JapanikaRun" time="3.168" errors="0" timestamp="2021-09-08T15:21:19 IDT" skipped="0">
  <testcase classname="Japanika.JapanikaRun" name="test1" time="3.168"/>
  <system-out/>
</testsuite> <!-- Japanika.JapanikaRun -->
