<?xml version="1.0" encoding="UTF-8"?>
<!-- Generated by org.testng.reporters.JUnitReportReporter -->
<testsuite hostname="DESKTOP-V6QH7CG" failures="0" tests="7" name="Tests.HomeDelivery" time="18.947" errors="0" timestamp="2021-10-16T16:51:57 IDT" skipped="3">
  <testcase classname="Tests.HomeDelivery" name="CityValidTest" time="12.041"/>
  <system-out/>
  <testcase classname="Tests.HomeDelivery" name="AddMeal_1Test" time="3.856"/>
  <system-out/>
  <testcase classname="Tests.HomeDelivery" name="AddMeal_2Test" time="2.792"/>
  <system-out/>
  <testcase classname="Tests.HomeDelivery" name="CleanCartTest" time="0.258"/>
  <system-out/>
  <testcase classname="Tests.HomeDelivery" name="RemoveItemTest">
    <skipped/>
  </testcase> <!-- RemoveItemTest -->
  <system-out/>
  <testcase classname="Tests.HomeDelivery" name="CityNotValidTest">
    <skipped/>
  </testcase> <!-- CityNotValidTest -->
  <system-out/>
  <testcase classname="Tests.HomeDelivery" name="ChangeMealDetailTest">
    <skipped/>
  </testcase> <!-- ChangeMealDetailTest -->
  <system-out/>
</testsuite> <!-- Tests.HomeDelivery -->
